<?xml version="1.0" encoding="UTF-8"?>
<testng-results ignored="0" total="5" passed="5" failed="0" skipped="0">
  <reporter-output>
  </reporter-output>
  <suite started-at="2023-02-11T12:46:58 EET" name="Login Tests" finished-at="2023-02-11T12:47:21 EET" duration-ms="22270">
    <groups>
      <group name="regression">
        <method signature="LoginTest.positiveLogin(java.lang.String,java.lang.String)[pri:1, instance:com.herokuapp.LoginTest@11dc3715]" name="positiveLogin" class="com.herokuapp.LoginTest"/>
        <method signature="LoginTest.negativeLogIn()[pri:2, instance:com.herokuapp.LoginTest@11dc3715]" name="negativeLogIn" class="com.herokuapp.LoginTest"/>
      </group> <!-- regression -->
      <group name="smoke">
        <method signature="LoginTest.positiveLogin(java.lang.String,java.lang.String)[pri:1, instance:com.herokuapp.LoginTest@11dc3715]" name="positiveLogin" class="com.herokuapp.LoginTest"/>
      </group> <!-- smoke -->
    </groups>
    <test started-at="2023-02-11T12:46:58 EET" name="Positiv Login" finished-at="2023-02-11T12:47:10 EET" duration-ms="11899">
      <class name="com.herokuapp.LoginTest">
        <test-method is-config="true" signature="setUp()[pri:0, instance:com.herokuapp.LoginTest@11dc3715]" started-at="2023-02-11T12:46:58 EET" name="setUp" finished-at="2023-02-11T12:47:03 EET" duration-ms="4236" status="PASS">
          <reporter-output>
          </reporter-output>
        </test-method> <!-- setUp -->
        <test-method signature="positiveLogin(java.lang.String,java.lang.String)[pri:1, instance:com.herokuapp.LoginTest@11dc3715]" started-at="2023-02-11T12:47:03 EET" name="positiveLogin" finished-at="2023-02-11T12:47:06 EET" duration-ms="3691" status="PASS">
          <params>
            <param index="0">
              <value>
                <![CDATA[tomsmith]]>
              </value>
            </param>
            <param index="1">
              <value>
                <![CDATA[SuperSecretPassword!]]>
              </value>
            </param>
          </params>
          <reporter-output>
          </reporter-output>
        </test-method> <!-- positiveLogin -->
        <test-method is-config="true" signature="tearDown()[pri:0, instance:com.herokuapp.LoginTest@11dc3715]" started-at="2023-02-11T12:47:06 EET" name="tearDown" finished-at="2023-02-11T12:47:06 EET" duration-ms="110" status="PASS">
          <reporter-output>
          </reporter-output>
        </test-method> <!-- tearDown -->
        <test-method is-config="true" signature="setUp()[pri:0, instance:com.herokuapp.LoginTest@11dc3715]" started-at="2023-02-11T12:47:06 EET" name="setUp" finished-at="2023-02-11T12:47:09 EET" duration-ms="2985" status="PASS">
          <reporter-output>
          </reporter-output>
        </test-method> <!-- setUp -->
        <test-method signature="negativeLogIn()[pri:2, instance:com.herokuapp.LoginTest@11dc3715]" started-at="2023-02-11T12:47:09 EET" name="negativeLogIn" finished-at="2023-02-11T12:47:10 EET" duration-ms="747" status="PASS">
          <reporter-output>
          </reporter-output>
        </test-method> <!-- negativeLogIn -->
        <test-method is-config="true" signature="tearDown()[pri:0, instance:com.herokuapp.LoginTest@11dc3715]" started-at="2023-02-11T12:47:10 EET" name="tearDown" finished-at="2023-02-11T12:47:10 EET" duration-ms="75" status="PASS">
          <reporter-output>
          </reporter-output>
        </test-method> <!-- tearDown -->
      </class> <!-- com.herokuapp.LoginTest -->
    </test> <!-- Positiv Login -->
    <test started-at="2023-02-11T12:47:10 EET" name="Check box Test" finished-at="2023-02-11T12:47:14 EET" duration-ms="3321">
      <class name="com.herokuapp.CheckboxTest">
        <test-method is-config="true" signature="setUp()[pri:0, instance:com.herokuapp.CheckboxTest@2f112965]" started-at="2023-02-11T12:47:10 EET" name="setUp" finished-at="2023-02-11T12:47:13 EET" duration-ms="3202" status="PASS">
          <reporter-output>
          </reporter-output>
        </test-method> <!-- setUp -->
        <test-method signature="checkboxTest()[pri:0, instance:com.herokuapp.CheckboxTest@2f112965]" started-at="2023-02-11T12:47:13 EET" name="checkboxTest" finished-at="2023-02-11T12:47:13 EET" duration-ms="38" status="PASS">
          <reporter-output>
          </reporter-output>
        </test-method> <!-- checkboxTest -->
        <test-method is-config="true" signature="tearDown()[pri:0, instance:com.herokuapp.CheckboxTest@2f112965]" started-at="2023-02-11T12:47:13 EET" name="tearDown" finished-at="2023-02-11T12:47:14 EET" duration-ms="78" status="PASS">
          <reporter-output>
          </reporter-output>
        </test-method> <!-- tearDown -->
      </class> <!-- com.herokuapp.CheckboxTest -->
    </test> <!-- Check box Test -->
    <test started-at="2023-02-11T12:47:14 EET" name="Drop down Test" finished-at="2023-02-11T12:47:17 EET" duration-ms="3207">
      <class name="com.herokuapp.DropdownTest">
        <test-method is-config="true" signature="setUp()[pri:0, instance:com.herokuapp.DropdownTest@163e4e87]" started-at="2023-02-11T12:47:14 EET" name="setUp" finished-at="2023-02-11T12:47:17 EET" duration-ms="2950" status="PASS">
          <reporter-output>
          </reporter-output>
        </test-method> <!-- setUp -->
        <test-method signature="dropdownTest()[pri:0, instance:com.herokuapp.DropdownTest@163e4e87]" started-at="2023-02-11T12:47:17 EET" name="dropdownTest" finished-at="2023-02-11T12:47:17 EET" duration-ms="143" status="PASS">
          <reporter-output>
          </reporter-output>
        </test-method> <!-- dropdownTest -->
        <test-method is-config="true" signature="tearDown()[pri:0, instance:com.herokuapp.DropdownTest@163e4e87]" started-at="2023-02-11T12:47:17 EET" name="tearDown" finished-at="2023-02-11T12:47:17 EET" duration-ms="111" status="PASS">
          <reporter-output>
          </reporter-output>
        </test-method> <!-- tearDown -->
      </class> <!-- com.herokuapp.DropdownTest -->
    </test> <!-- Drop down Test -->
    <test started-at="2023-02-11T12:47:17 EET" name="File Upload Test" finished-at="2023-02-11T12:47:21 EET" duration-ms="3781">
      <class name="com.herokuapp.FileUploadTest">
        <test-method is-config="true" signature="setUp()[pri:0, instance:com.herokuapp.FileUploadTest@5276e6b0]" started-at="2023-02-11T12:47:17 EET" name="setUp" finished-at="2023-02-11T12:47:19 EET" duration-ms="2651" status="PASS">
          <reporter-output>
          </reporter-output>
        </test-method> <!-- setUp -->
        <test-method signature="uploadTest()[pri:0, instance:com.herokuapp.FileUploadTest@5276e6b0]" started-at="2023-02-11T12:47:19 EET" name="uploadTest" finished-at="2023-02-11T12:47:21 EET" duration-ms="1126" status="PASS">
          <reporter-output>
          </reporter-output>
        </test-method> <!-- uploadTest -->
        <test-method is-config="true" signature="tearDown()[pri:0, instance:com.herokuapp.FileUploadTest@5276e6b0]" started-at="2023-02-11T12:47:21 EET" name="tearDown" finished-at="2023-02-11T12:47:21 EET" duration-ms="1" status="PASS">
          <reporter-output>
          </reporter-output>
        </test-method> <!-- tearDown -->
      </class> <!-- com.herokuapp.FileUploadTest -->
    </test> <!-- File Upload Test -->
  </suite> <!-- Login Tests -->
</testng-results>
